<?xml version="1.0" encoding="UTF-8"?>
<!-- Generated by org.testng.reporters.JUnitXMLReporter -->
<testsuite hostname="MacBook-Air.local" name="Mulitiple groups" tests="12" failures="0" timestamp="5 Jul 2016 09:48:35 GMT" time="0.08" errors="0">
  <testcase name="@BeforeTest launchApp" time="0.0" classname="in.srssprojects.admin.TestExecution">
    <failure type="java.lang.NullPointerException">
      <![CDATA[java.lang.NullPointerException
	at in.srssprojects.admin.TestExecution.launchApp(TestExecution.java:48)
... Removed 22 stack frames]]>
    </failure>
  </testcase> <!-- @BeforeTest launchApp -->
  <testcase name="loginAsAdmin" time="0.0" classname="in.srssprojects.admin.TestExecution">
    <skipped/>
  </testcase> <!-- loginAsAdmin -->
  <testcase name="branchCreationWithDData" time="0.001" classname="in.srssprojects.admin.TestExecution">
    <skipped/>
  </testcase> <!-- branchCreationWithDData -->
  <testcase name="branchCreationWithBlankData" time="0.001" classname="in.srssprojects.admin.TestExecution">
    <skipped/>
  </testcase> <!-- branchCreationWithBlankData -->
  <testcase name="branchCreationReset" time="0.001" classname="in.srssprojects.admin.TestExecution">
    <skipped/>
  </testcase> <!-- branchCreationReset -->
  <testcase name="branchCreationCancel" time="0.0" classname="in.srssprojects.admin.TestExecution">
    <skipped/>
  </testcase> <!-- branchCreationCancel -->
  <testcase name="bracnhCreationCancelAfterFillingTheData" time="0.001" classname="in.srssprojects.admin.TestExecution">
    <skipped/>
  </testcase> <!-- bracnhCreationCancelAfterFillingTheData -->
  <testcase name="branchUpdationWithVData" time="0.0" classname="in.srssprojects.admin.TestExecution">
    <skipped/>
  </testcase> <!-- branchUpdationWithVData -->
  <testcase name="branchDeletionWithDependency" time="0.0" classname="in.srssprojects.admin.TestExecution">
    <skipped/>
  </testcase> <!-- branchDeletionWithDependency -->
  <testcase name="branchDeletionWODependency" time="0.0" classname="in.srssprojects.admin.TestExecution">
    <skipped/>
  </testcase> <!-- branchDeletionWODependency -->
  <testcase name="roleCreationWithVData" time="0.002" classname="in.srssprojects.admin.TestExecution">
    <skipped/>
  </testcase> <!-- roleCreationWithVData -->
  <testcase name="verifyBranchesButton" time="0.001" classname="in.srssprojects.admin.TestExecution">
    <skipped/>
  </testcase> <!-- verifyBranchesButton -->
  <testcase name="branchCreationWithVData" time="0.0" classname="in.srssprojects.admin.TestExecution">
    <skipped/>
  </testcase> <!-- branchCreationWithVData -->
</testsuite> <!-- Mulitiple groups -->
