<?xml version="1.0" encoding="UTF-8"?>
<!-- Generated by org.testng.reporters.JUnitXMLReporter -->
<testsuite hostname="MacBook-Air.local" name="Test2" tests="1" failures="0" timestamp="8 Jul 2016 05:55:55 GMT" time="0.05" errors="0">
  <testcase name="@BeforeTest launchApp" time="0.0" classname="in.srssprojects.admin.TestExecution">
    <failure type="org.testng.TestNGException" message="
Parameter &amp;apos;nodeURL&amp;apos; is required by @Configuration on method launchApp but has not been marked @Optional or defined
in /Users/surya/Documents/ATC Batch2/workspace/kexim bank/parallelDemo.xml">
      <![CDATA[org.testng.TestNGException: 
Parameter 'nodeURL' is required by @Configuration on method launchApp but has not been marked @Optional or defined
in /Users/surya/Documents/ATC Batch2/workspace/kexim bank/parallelDemo.xml
	at java.util.concurrent.FutureTask.run(FutureTask.java:266)
	at java.util.concurrent.ThreadPoolExecutor.runWorker(ThreadPoolExecutor.java:1142)
	at java.util.concurrent.ThreadPoolExecutor$Worker.run(ThreadPoolExecutor.java:617)
	at java.lang.Thread.run(Thread.java:745)
... Removed 11 stack frames]]>
    </failure>
  </testcase> <!-- @BeforeTest launchApp -->
  <testcase name="loginAsAdmin" time="0.003" classname="in.srssprojects.admin.TestExecution">
    <skipped/>
  </testcase> <!-- loginAsAdmin -->
</testsuite> <!-- Test2 -->
