<?xml version="1.0" encoding="UTF-8"?>
<!-- Generated by org.testng.reporters.JUnitXMLReporter -->
<testsuite hostname="MacBook-Air.local" name="vijaya node" tests="1" failures="0" timestamp="8 Jul 2016 05:56:57 GMT" time="41.918" errors="0">
  <testcase name="@BeforeTest launchApp" time="0.0" classname="in.srssprojects.admin.TestExecution">
    <failure type="java.lang.NullPointerException">
      <![CDATA[java.lang.NullPointerException
	at in.srssprojects.admin.TestExecution.launchApp(TestExecution.java:100)
	at java.util.concurrent.FutureTask.run(FutureTask.java:266)
	at java.util.concurrent.ThreadPoolExecutor.runWorker(ThreadPoolExecutor.java:1142)
	at java.util.concurrent.ThreadPoolExecutor$Worker.run(ThreadPoolExecutor.java:617)
	at java.lang.Thread.run(Thread.java:745)
... Removed 14 stack frames]]>
    </failure>
  </testcase> <!-- @BeforeTest launchApp -->
  <testcase name="loginAsAdmin" time="0.001" classname="in.srssprojects.admin.TestExecution">
    <skipped/>
  </testcase> <!-- loginAsAdmin -->
</testsuite> <!-- vijaya node -->
